<?xml version="1.0" encoding="UTF-8"?>
<!-- Generated by org.testng.reporters.JUnitReportReporter -->
<testsuite skipped="0" hostname="QTLSYS0-238" name="tests.QCReturnCheck" tests="1" failures="0" timestamp="16 Dec 2019 08:39:10 GMT" time="13.256" errors="0">
  <testcase name="RKZ_ILP_Deposit_dropdown_Txn" time="13.256" classname="tests.QCReturnCheck"/>
</testsuite> <!-- tests.QCReturnCheck -->
