<?xml version="1.0" encoding="UTF-8"?>
<!-- Generated by org.testng.reporters.JUnitReportReporter -->
<testsuite skipped="0" hostname="QTLSYS0-238" name="tests.ACHReturn" tests="1" failures="0" timestamp="16 Dec 2019 10:03:32 GMT" time="52.284" errors="0">
  <testcase name="RKZ_ILP_Deposit_dropdown_Txn" time="52.284" classname="tests.ACHReturn"/>
</testsuite> <!-- tests.ACHReturn -->
